\BOOKMARK [0][-]{chapter*.2}{\376\377\000I\000n\000t\000r\000o\000d\000u\000c\000t\000i\000o\000n}{}% 1
\BOOKMARK [0][-]{chapter.1}{\376\377\000A\000n\000a\000l\000y\000s\000i\000s}{}% 2
\BOOKMARK [1][-]{section.1.1}{\376\377\000K\000n\000o\000w\000n\000\040\000a\000p\000p\000r\000o\000a\000c\000h\000e\000s}{chapter.1}% 3
\BOOKMARK [2][-]{subsection.1.1.1}{\376\377\000C\000l\000i\000e\000n\000t\000/\000s\000e\000r\000v\000e\000r\000\040\000a\000r\000c\000h\000i\000t\000e\000c\000t\000u\000r\000e}{section.1.1}% 4
\BOOKMARK [2][-]{subsection.1.1.2}{\376\377\000P\000e\000e\000r\000\040\000t\000o\000\040\000p\000e\000e\000r\000\040\000a\000r\000c\000h\000i\000t\000e\000c\000t\000u\000r\000e\000s\000S\000u\000p\000P\000e\000e\000r}{section.1.1}% 5
\BOOKMARK [2][-]{subsection.1.1.3}{\376\377\000S\000u\000m\000m\000a\000r\000y}{section.1.1}% 6
\BOOKMARK [1][-]{section.1.2}{\376\377\000E\000x\000i\000s\000t\000i\000n\000g\000\040\000s\000o\000l\000u\000t\000i\000o\000n\000s}{chapter.1}% 7
\BOOKMARK [2][-]{subsection.1.2.1}{\376\377\000D\000V\000E\000\040\000\050\000D\000i\000s\000t\000r\000i\000b\000u\000t\000e\000d\000\040\000V\000i\000d\000e\000o\000\040\000E\000n\000c\000o\000d\000i\000n\000g\000\051}{section.1.2}% 8
\BOOKMARK [2][-]{subsection.1.2.2}{\376\377\000A\000p\000a\000c\000h\000e\000\040\000H\000a\000d\000o\000o\000p}{section.1.2}% 9
\BOOKMARK [2][-]{subsection.1.2.3}{\376\377\000B\000O\000I\000N\000C\000\040\000\050\000B\000e\000r\000k\000e\000l\000e\000y\000\040\000O\000p\000e\000n\000\040\000I\000n\000f\000r\000a\000s\000t\000r\000u\000c\000t\000u\000r\000e\000\040\000f\000o\000r\000\040\000N\000e\000t\000w\000o\000r\000k\000\040\000C\000o\000m\000p\000u\000t\000i\000n\000g\000\051}{section.1.2}% 10
\BOOKMARK [2][-]{subsection.1.2.4}{\376\377\000G\000n\000u\000t\000e\000l\000l\000a}{section.1.2}% 11
\BOOKMARK [2][-]{subsection.1.2.5}{\376\377\000B\000i\000t\000T\000o\000r\000r\000e\000n\000t\000\040\000p\000r\000o\000t\000o\000c\000o\000l}{section.1.2}% 12
\BOOKMARK [1][-]{section.1.3}{\376\377\000F\000r\000a\000m\000e\000w\000o\000r\000k\000\040\000d\000e\000s\000c\000r\000i\000p\000t\000i\000o\000n}{chapter.1}% 13
\BOOKMARK [2][-]{subsection.1.3.1}{\376\377\000B\000a\000s\000i\000c\000\040\000o\000v\000e\000r\000v\000i\000e\000w}{section.1.3}% 14
\BOOKMARK [2][-]{subsection.1.3.2}{\376\377\000N\000e\000i\000g\000h\000b\000o\000r\000\040\000m\000a\000i\000n\000t\000a\000i\000n\000i\000n\000g}{section.1.3}% 15
\BOOKMARK [2][-]{subsection.1.3.3}{\376\377\000D\000i\000s\000t\000r\000i\000b\000u\000t\000i\000o\000n\000\040\000o\000f\000\040\000c\000h\000u\000n\000k\000s}{section.1.3}% 16
\BOOKMARK [2][-]{subsection.1.3.4}{\376\377\000S\000e\000c\000u\000r\000i\000t\000y\000\040\000i\000s\000s\000u\000e\000s}{section.1.3}% 17
\BOOKMARK [2][-]{subsection.1.3.5}{\376\377\000N\000e\000t\000w\000o\000r\000k\000i\000n\000g\000\040\000h\000a\000n\000d\000l\000i\000n\000g}{section.1.3}% 18
\BOOKMARK [2][-]{subsection.1.3.6}{\376\377\000U\000s\000e\000r\000\040\000i\000n\000t\000e\000r\000f\000a\000c\000e}{section.1.3}% 19
\BOOKMARK [0][-]{chapter.2}{\376\377\000I\000m\000p\000l\000e\000m\000e\000n\000t\000a\000t\000i\000o\000n}{}% 20
\BOOKMARK [1][-]{section.2.1}{\376\377\000N\000e\000t\000w\000o\000r\000k\000i\000n\000g}{chapter.2}% 21
\BOOKMARK [2][-]{subsection.2.1.1}{\376\377\000S\000p\000a\000w\000n\000i\000n\000g\000\040\000c\000o\000n\000n\000e\000c\000t\000i\000o\000n\000s}{section.2.1}% 22
\BOOKMARK [2][-]{subsection.2.1.2}{\376\377\000P\000r\000o\000t\000o\000c\000o\000l}{section.2.1}% 23
\BOOKMARK [2][-]{subsection.2.1.3}{\376\377\000T\000r\000a\000n\000s\000f\000e\000r\000r\000i\000n\000g\000\040\000t\000h\000e\000\040\000d\000a\000t\000a}{section.2.1}% 24
\BOOKMARK [2][-]{subsection.2.1.4}{\376\377\000H\000a\000n\000d\000l\000i\000n\000g\000\040\000e\000r\000r\000o\000r\000s}{section.2.1}% 25
\BOOKMARK [1][-]{section.2.2}{\376\377\000S\000t\000r\000u\000c\000t\000u\000r\000e\000s\000'\000\040\000o\000v\000e\000r\000v\000i\000e\000w}{chapter.2}% 26
\BOOKMARK [2][-]{subsection.2.2.1}{\376\377\000T\000h\000e\000\040\000T\000r\000a\000n\000s\000f\000e\000r\000I\000n\000f\000o\000\040\000s\000t\000r\000u\000c\000t\000u\000r\000e}{section.2.2}% 27
\BOOKMARK [2][-]{subsection.2.2.2}{\376\377\000T\000h\000e\000\040\000N\000e\000i\000g\000h\000b\000o\000r\000I\000n\000f\000o\000\040\000s\000t\000r\000u\000c\000t\000u\000r\000e}{section.2.2}% 28
\BOOKMARK [1][-]{section.2.3}{\376\377\000I\000m\000p\000o\000r\000t\000a\000n\000t\000\040\000c\000l\000a\000s\000s\000e\000s}{chapter.2}% 29
\BOOKMARK [2][-]{subsection.2.3.1}{\376\377\000T\000h\000e\000\040\000N\000e\000i\000g\000h\000b\000o\000r\000S\000t\000o\000r\000a\000g\000e\000\040\000c\000l\000a\000s\000s}{section.2.3}% 30
\BOOKMARK [2][-]{subsection.2.3.2}{\376\377\000T\000h\000e\000\040\000N\000e\000t\000w\000o\000r\000k\000H\000a\000n\000d\000l\000e\000r\000\040\000c\000l\000a\000s\000s}{section.2.3}% 31
\BOOKMARK [2][-]{subsection.2.3.3}{\376\377\000T\000h\000e\000\040\000D\000a\000t\000a\000\040\000c\000l\000a\000s\000s}{section.2.3}% 32
\BOOKMARK [1][-]{section.2.4}{\376\377\000P\000e\000r\000i\000o\000d\000i\000c\000\040\000a\000c\000t\000i\000o\000n\000s}{chapter.2}% 33
\BOOKMARK [1][-]{section.2.5}{\376\377\000Q\000u\000e\000u\000e\000s}{chapter.2}% 34
\BOOKMARK [1][-]{section.2.6}{\376\377\000W\000o\000r\000k\000i\000n\000g\000\040\000w\000i\000t\000h\000\040\000i\000n\000p\000u\000t\000\040\000a\000n\000d\000\040\000o\000u\000t\000p\000u\000t}{chapter.2}% 35
\BOOKMARK [1][-]{section.2.7}{\376\377\000S\000y\000n\000c\000h\000r\000o\000n\000i\000z\000a\000t\000i\000o\000n}{chapter.2}% 36
\BOOKMARK [1][-]{section.2.8}{\376\377\000E\000r\000r\000o\000r\000\040\000d\000e\000t\000e\000c\000t\000i\000o\000n\000\040\000a\000n\000d\000\040\000r\000e\000c\000o\000v\000e\000r\000y}{chapter.2}% 37
\BOOKMARK [0][-]{chapter.3}{\376\377\000E\000x\000p\000e\000r\000i\000m\000e\000n\000t\000s}{}% 38
\BOOKMARK [1][-]{section.3.1}{\376\377\000A\000p\000p\000r\000o\000a\000c\000h\000\040\000t\000o\000\040\000t\000e\000s\000t\000i\000n\000g}{chapter.3}% 39
\BOOKMARK [0][-]{chapter.4}{\376\377\000P\000r\000o\000b\000l\000e\000m\000s\000,\000\040\000a\000l\000t\000e\000r\000n\000a\000t\000i\000v\000e\000s\000\040\000a\000n\000d\000\040\000p\000o\000s\000s\000i\000b\000l\000e\000\040\000i\000m\000p\000r\000o\000v\000e\000m\000e\000n\000t\000s}{}% 40
\BOOKMARK [0][-]{chapter*.28}{\376\377\000C\000o\000n\000c\000l\000u\000s\000i\000o\000n}{}% 41
\BOOKMARK [1][-]{section.4.1}{\376\377\000D\000o\000w\000n\000l\000o\000a\000d}{chapter*.28}% 42
\BOOKMARK [1][-]{section.4.2}{\376\377\000R\000e\000q\000u\000i\000r\000e\000m\000e\000n\000t\000s\000,\000\040\000i\000n\000s\000t\000a\000l\000l\000a\000t\000i\000o\000n\000\040\000a\000n\000d\000\040\000f\000i\000r\000s\000t\000\040\000r\000u\000n}{chapter*.28}% 43
\BOOKMARK [1][-]{section.4.3}{\376\377\000U\000s\000i\000n\000g\000\040\000t\000h\000e\000\040\000p\000r\000o\000g\000r\000a\000m}{chapter*.28}% 44
\BOOKMARK [0][-]{chapter*.30}{\376\377\000B\000i\000b\000l\000i\000o\000g\000r\000a\000p\000h\000y}{}% 45
\BOOKMARK [0][-]{chapter*.33}{\376\377\000L\000i\000s\000t\000\040\000o\000f\000\040\000A\000b\000b\000r\000e\000v\000i\000a\000t\000i\000o\000n\000s}{}% 46
\BOOKMARK [0][-]{chapter*.34}{\376\377\000A\000t\000t\000a\000c\000h\000m\000e\000n\000t\000s}{}% 47
